<?xml version="1.0" encoding="UTF-8"?>
<!-- Generated by org.testng.reporters.JUnitXMLReporter -->
<testsuite ignored="0" hostname="LAPTOP-MCBUF6Q2" failures="0" tests="2" name="Default test" time="180.986" errors="0" timestamp="2025-05-07T00:26:13 IST">
  <testcase classname="com.tecoaleseqa.testcases.HomePageTest" name="verifyHomePage" time="49.224"/>
  <testcase classname="com.tecoaleseqa.testcases.HomePageTest" name="verifyUsersTabRedirection" time="8.644"/>
</testsuite> <!-- Default test -->
